<?xml version="1.0" encoding="UTF-8"?>
<!-- Generated by org.testng.reporters.JUnitXMLReporter -->
<testsuite hostname="qaplanet-PC" ignored="0" name="Default test" tests="4" failures="0" timestamp="07 Jun 2019 03:03:22 GMT" time="39.321" errors="0">
  <testcase name="TC1" time="10.944" classname="datadriven.Datadrv"/>
  <testcase name="TC1" time="9.829" classname="datadriven.Datadrv"/>
  <testcase name="TC1" time="9.413" classname="datadriven.Datadrv"/>
  <testcase name="TC1" time="9.09" classname="datadriven.Datadrv"/>
</testsuite> <!-- Default test -->
