<?xml version="1.0" encoding="UTF-8"?>
<testng-results skipped="0" failed="0" ignored="0" total="4" passed="4">
  <reporter-output>
  </reporter-output>
  <suite name="Default suite" duration-ms="39321" started-at="2019-06-07T03:02:43Z" finished-at="2019-06-07T03:03:22Z">
    <groups>
    </groups>
    <test name="Default test" duration-ms="39321" started-at="2019-06-07T03:02:43Z" finished-at="2019-06-07T03:03:22Z">
      <class name="datadriven.Datadrv">
        <test-method status="PASS" signature="TC1(java.lang.String, java.lang.String)[pri:0, instance:datadriven.Datadrv@46d56d67]" name="TC1" duration-ms="10944" started-at="2019-06-07T03:02:43Z" data-provider="LoginCredentials" finished-at="2019-06-07T03:02:54Z">
          <params>
            <param index="0">
              <value>
                <![CDATA[qaplanet1]]>
              </value>
            </param>
            <param index="1">
              <value>
                <![CDATA[lab1]]>
              </value>
            </param>
          </params>
          <reporter-output>
          </reporter-output>
        </test-method> <!-- TC1 -->
        <test-method status="PASS" signature="TC1(java.lang.String, java.lang.String)[pri:0, instance:datadriven.Datadrv@46d56d67]" name="TC1" duration-ms="9829" started-at="2019-06-07T03:02:54Z" data-provider="LoginCredentials" finished-at="2019-06-07T03:03:04Z">
          <params>
            <param index="0">
              <value>
                <![CDATA[qaplanet1]]>
              </value>
            </param>
            <param index="1">
              <value>
                <![CDATA[lab1]]>
              </value>
            </param>
          </params>
          <reporter-output>
          </reporter-output>
        </test-method> <!-- TC1 -->
        <test-method status="PASS" signature="TC1(java.lang.String, java.lang.String)[pri:0, instance:datadriven.Datadrv@46d56d67]" name="TC1" duration-ms="9413" started-at="2019-06-07T03:03:04Z" data-provider="LoginCredentials" finished-at="2019-06-07T03:03:13Z">
          <params>
            <param index="0">
              <value>
                <![CDATA[qaplanet1]]>
              </value>
            </param>
            <param index="1">
              <value>
                <![CDATA[lab1]]>
              </value>
            </param>
          </params>
          <reporter-output>
          </reporter-output>
        </test-method> <!-- TC1 -->
        <test-method status="PASS" signature="TC1(java.lang.String, java.lang.String)[pri:0, instance:datadriven.Datadrv@46d56d67]" name="TC1" duration-ms="9090" started-at="2019-06-07T03:03:13Z" data-provider="LoginCredentials" finished-at="2019-06-07T03:03:22Z">
          <params>
            <param index="0">
              <value>
                <![CDATA[qaplanet1]]>
              </value>
            </param>
            <param index="1">
              <value>
                <![CDATA[lab1]]>
              </value>
            </param>
          </params>
          <reporter-output>
          </reporter-output>
        </test-method> <!-- TC1 -->
      </class> <!-- datadriven.Datadrv -->
    </test> <!-- Default test -->
  </suite> <!-- Default suite -->
</testng-results>
